Using pre-set license
Built from '2020.3/staging' branch; Version is '2020.3.14f1 (d0d1bb862f9d) revision 13685179'; Using compiler version '192528614'; Build Type 'Release'
OS: 'Windows 10 Home; OS build 22000.556; Version 2009; 64bit' Language: 'en' Physical Memory: 16309 MB
BatchMode: 1, IsHumanControllingUs: 0, StartBugReporterOnCrash: 0, Is64bit: 1, IsPro: 0

 COMMAND LINE ARGUMENTS:
C:\Program Files\Unity\Editor\Unity.exe
-adb2
-batchMode
-noUpm
-name
AssetImportWorker0
-projectPath
C:/Users/Jorda/OneDrive - Nova Scotia Community College/2ndSemester/Animations/AnimFund_3dCharacterController_Student-master
-logFile
Logs/AssetImportWorker0.log
-srvPort
65306
Successfully changed project path to: C:/Users/Jorda/OneDrive - Nova Scotia Community College/2ndSemester/Animations/AnimFund_3dCharacterController_Student-master
C:/Users/Jorda/OneDrive - Nova Scotia Community College/2ndSemester/Animations/AnimFund_3dCharacterController_Student-master
Using Asset Import Pipeline V2.
Refreshing native plugins compatible for Editor in 32.87 ms, found 2 plugins.
Preloading 0 native plugins for Editor in 0.00 ms.
Initialize engine version: 2020.3.14f1 (d0d1bb862f9d)
[Subsystems] Discovering subsystems at path C:/Program Files/Unity/Editor/Data/Resources/UnitySubsystems
[Subsystems] Discovering subsystems at path C:/Users/Jorda/OneDrive - Nova Scotia Community College/2ndSemester/Animations/AnimFund_3dCharacterController_Student-master/Assets
GfxDevice: creating device client; threaded=0
Direct3D:
    Version:  Direct3D 11.0 [level 11.1]
    Renderer: NVIDIA GeForce RTX 2070 SUPER (ID=0x1e84)
    Vendor:   
    VRAM:     8012 MB
    Driver:   30.0.15.1215
Initialize mono
Mono path[0] = 'C:/Program Files/Unity/Editor/Data/Managed'
Mono path[1] = 'C:/Program Files/Unity/Editor/Data/MonoBleedingEdge/lib/mono/unityjit'
Mono config path = 'C:/Program Files/Unity/Editor/Data/MonoBleedingEdge/etc'
Using monoOptions --debugger-agent=transport=dt_socket,embedding=1,server=y,suspend=n,address=127.0.0.1:56084
Begin MonoManager ReloadAssembly
Registering precompiled unity dll's ...
Register platform support module: C:/Program Files/Unity/Editor/Data/PlaybackEngines/WindowsStandaloneSupport/UnityEditor.WindowsStandalone.Extensions.dll
Registered in 0.001632 seconds.
Native extension for WindowsStandalone target not found
Refreshing native plugins compatible for Editor in 32.37 ms, found 2 plugins.
Preloading 0 native plugins for Editor in 0.00 ms.
Mono: successfully reloaded assembly
- Completed reload, in  0.900 seconds
Domain Reload Profiling:
	ReloadAssembly (900ms)
		BeginReloadAssembly (40ms)
			ExecutionOrderSort (0ms)
			DisableScriptedObjects (0ms)
			BackupInstance (0ms)
			ReleaseScriptingObjects (0ms)
			CreateAndSetChildDomain (1ms)
		EndReloadAssembly (367ms)
			LoadAssemblies (38ms)
			RebuildTransferFunctionScriptingTraits (0ms)
			SetupTypeCache (139ms)
			ReleaseScriptCaches (0ms)
			RebuildScriptCaches (26ms)
			SetupLoadedEditorAssemblies (136ms)
				LogAssemblyErrors (0ms)
				InitializePlatformSupportModulesInManaged (4ms)
				SetLoadedEditorAssemblies (1ms)
				RefreshPlugins (32ms)
				BeforeProcessingInitializeOnLoad (12ms)
				ProcessInitializeOnLoadAttributes (65ms)
				ProcessInitializeOnLoadMethodAttributes (22ms)
				AfterProcessingInitializeOnLoad (0ms)
				EditorAssembliesLoaded (0ms)
			ExecutionOrderSort2 (0ms)
			AwakeInstancesAfterBackupRestoration (0ms)
Platform modules already initialized, skipping
Registering precompiled user dll's ...
Registered in 0.003694 seconds.
Begin MonoManager ReloadAssembly
Native extension for WindowsStandalone target not found
Refreshing native plugins compatible for Editor in 0.42 ms, found 2 plugins.
Preloading 0 native plugins for Editor in 0.00 ms.
Mono: successfully reloaded assembly
- Completed reload, in  0.994 seconds
Domain Reload Profiling:
	ReloadAssembly (995ms)
		BeginReloadAssembly (132ms)
			ExecutionOrderSort (0ms)
			DisableScriptedObjects (4ms)
			BackupInstance (0ms)
			ReleaseScriptingObjects (0ms)
			CreateAndSetChildDomain (20ms)
		EndReloadAssembly (805ms)
			LoadAssemblies (75ms)
			RebuildTransferFunctionScriptingTraits (0ms)
			SetupTypeCache (273ms)
			ReleaseScriptCaches (1ms)
			RebuildScriptCaches (40ms)
			SetupLoadedEditorAssemblies (323ms)
				LogAssemblyErrors (0ms)
				InitializePlatformSupportModulesInManaged (4ms)
				SetLoadedEditorAssemblies (0ms)
				RefreshPlugins (0ms)
				BeforeProcessingInitializeOnLoad (70ms)
				ProcessInitializeOnLoadAttributes (237ms)
				ProcessInitializeOnLoadMethodAttributes (4ms)
				AfterProcessingInitializeOnLoad (6ms)
				EditorAssembliesLoaded (0ms)
			ExecutionOrderSort2 (0ms)
			AwakeInstancesAfterBackupRestoration (6ms)
Platform modules already initialized, skipping
========================================================================
Worker process is ready to serve import requests
Launched and connected shader compiler UnityShaderCompiler.exe after 0.04 seconds
Refreshing native plugins compatible for Editor in 0.45 ms, found 2 plugins.
Preloading 0 native plugins for Editor in 0.00 ms.
Unloading 1794 Unused Serialized files (Serialized files now loaded: 0)
System memory in use before: 83.2 MB.
System memory in use after: 83.3 MB.

Unloading 75 unused Assets to reduce memory usage. Loaded Objects now: 2226.
Total: 2.292800 ms (FindLiveObjects: 0.217200 ms CreateObjectMapping: 0.040300 ms MarkObjects: 1.891500 ms  DeleteObjects: 0.142600 ms)

AssetImportParameters requested are different than current active one (requested -> active):
  custom:framework-win-MediaFoundation: 216162199b28c13a410421893ffa2e32 -> 
  custom:video-decoder-ogg-theora: a1e56fd34408186e4bbccfd4996cb3dc -> 
  custom:container-muxer-webm: aa71ff27fc2769a1b78a27578f13a17b -> 
  custom:container-demuxer-webm: 4f35f7cbe854078d1ac9338744f61a02 -> 
  custom:container-demuxer-ogg: 62fdf1f143b41e24485cea50d1cbac27 -> 
  custom:video-encoder-webm-vp8: eb34c28f22e8b96e1ab97ce403110664 -> 
  custom:video-decoder-webm-vp8: 9c59270c3fd7afecdb556c50c9e8de78 -> 
  custom:audio-decoder-ogg-vorbis: bf7c407c2cedff20999df2af8eb42d56 -> 
  custom:audio-encoder-webm-vorbis: bf7c407c2cedff20999df2af8eb42d56 -> 
========================================================================
Received Import Request.
  path: Assets/Characters/Ch02_nonPBR.fbx
  artifactKey: Guid(5294647bb985583409cad39a99486733) Importer(815301076,1909f56bfc062723c751e8b465ee728b)
Start importing Assets/Characters/Ch02_nonPBR.fbx using Guid(5294647bb985583409cad39a99486733) Importer(815301076,1909f56bfc062723c751e8b465ee728b)  -> (artifact id: 'e0417f0d12a29942767b7680d011374c') in 0.844750 seconds 
  Import took 0.848717 seconds .

========================================================================
Received Import Request.
  Time since last request: 0.000484 seconds.
  path: Assets/Characters/Ch02_nonPBR@Running.fbx
  artifactKey: Guid(4522bbb831fa76144b4066d83d508c2b) Importer(815301076,1909f56bfc062723c751e8b465ee728b)
Start importing Assets/Characters/Ch02_nonPBR@Running.fbx using Guid(4522bbb831fa76144b4066d83d508c2b) Importer(815301076,1909f56bfc062723c751e8b465ee728b)  -> (artifact id: 'd1b0db827b96a7059eb48c5b1efac072') in 0.007118 seconds 
  Import took 0.011097 seconds .

========================================================================
Received Import Request.
  Time since last request: 0.000339 seconds.
  path: Assets/Characters/Ch02_nonPBR@Medium Run.fbx
  artifactKey: Guid(a003247e873f3e44e9bf69b9870f218d) Importer(815301076,1909f56bfc062723c751e8b465ee728b)
Start importing Assets/Characters/Ch02_nonPBR@Medium Run.fbx using Guid(a003247e873f3e44e9bf69b9870f218d) Importer(815301076,1909f56bfc062723c751e8b465ee728b)  -> (artifact id: '3473cc25bcefdfc08e2947e41b1960d0') in 0.006811 seconds 
  Import took 0.009994 seconds .

========================================================================
Received Import Request.
  Time since last request: 0.000292 seconds.
  path: Assets/Characters
  artifactKey: Guid(c3e38887c3db2374c9b9f31ba4b1fff9) Importer(815301076,1909f56bfc062723c751e8b465ee728b)
Start importing Assets/Characters using Guid(c3e38887c3db2374c9b9f31ba4b1fff9) Importer(815301076,1909f56bfc062723c751e8b465ee728b)  -> (artifact id: '5394142640cc6f652cf23445f7dce8f4') in 0.002950 seconds 
  Import took 0.006273 seconds .

========================================================================
Received Import Request.
  Time since last request: 0.000327 seconds.
  path: Assets/Characters/Ch02_nonPBR@Idle.fbx
  artifactKey: Guid(397d5a353e76fce44a99517ab86c090b) Importer(815301076,1909f56bfc062723c751e8b465ee728b)
Start importing Assets/Characters/Ch02_nonPBR@Idle.fbx using Guid(397d5a353e76fce44a99517ab86c090b) Importer(815301076,1909f56bfc062723c751e8b465ee728b)  -> (artifact id: '7f8d95b94a171d294bbb6f0ae3b0b20f') in 0.070142 seconds 
  Import took 0.073407 seconds .

========================================================================
Received Import Request.
  Time since last request: 0.000294 seconds.
  path: Assets/Characters/Ch02_nonPBR@Walking.fbx
  artifactKey: Guid(6a9a080548e00644bbc688773c2a26ac) Importer(815301076,1909f56bfc062723c751e8b465ee728b)
Start importing Assets/Characters/Ch02_nonPBR@Walking.fbx using Guid(6a9a080548e00644bbc688773c2a26ac) Importer(815301076,1909f56bfc062723c751e8b465ee728b)  -> (artifact id: '5abfab7cf731be2e88208c44c381f213') in 0.006731 seconds 
  Import took 0.010273 seconds .

========================================================================
Received Import Request.
  Time since last request: 159.132805 seconds.
  path: Assets/Characters/Ch02_nonPBR 1.fbx
  artifactKey: Guid(52399a43b72967046aa9d08b494cf563) Importer(815301076,1909f56bfc062723c751e8b465ee728b)
Start importing Assets/Characters/Ch02_nonPBR 1.fbx using Guid(52399a43b72967046aa9d08b494cf563) Importer(815301076,1909f56bfc062723c751e8b465ee728b)  -> (artifact id: '88053c2d99d2015775ee59d277a41f82') in 0.068280 seconds 
  Import took 0.071847 seconds .

========================================================================
Received Import Request.
  Time since last request: 12.238675 seconds.
  path: Assets/Characters/PlayerMesh.fbx
  artifactKey: Guid(5294647bb985583409cad39a99486733) Importer(815301076,1909f56bfc062723c751e8b465ee728b)
Start importing Assets/Characters/PlayerMesh.fbx using Guid(5294647bb985583409cad39a99486733) Importer(815301076,1909f56bfc062723c751e8b465ee728b)  -> (artifact id: '9131ecaf4109815c4718a65801601c74') in 0.064863 seconds 
  Import took 0.068602 seconds .

========================================================================
Received Import Request.
  Time since last request: 11.787502 seconds.
  path: Assets
  artifactKey: Guid(00000000000000001000000000000000) Importer(815301076,1909f56bfc062723c751e8b465ee728b)
Start importing Assets using Guid(00000000000000001000000000000000) Importer(815301076,1909f56bfc062723c751e8b465ee728b)  -> (artifact id: '42d402b061de3733987d63b9cc3b64de') in 0.002791 seconds 
  Import took 0.005760 seconds .

========================================================================
Received Import Request.
  Time since last request: 4.090709 seconds.
  path: Assets/Animations
  artifactKey: Guid(67434c5a99ccda540abcccdc84e08887) Importer(815301076,1909f56bfc062723c751e8b465ee728b)
Start importing Assets/Animations using Guid(67434c5a99ccda540abcccdc84e08887) Importer(815301076,1909f56bfc062723c751e8b465ee728b)  -> (artifact id: 'e1c039cef3734f22098f4199d14d536f') in 0.002971 seconds 
  Import took 0.005928 seconds .

========================================================================
Received Import Request.
  Time since last request: 99.569930 seconds.
  path: Assets/Characters/Ch02_1001_Diffuse.png
  artifactKey: Guid(e64b1049d08c5204e93ee69a85ae0158) Importer(815301076,1909f56bfc062723c751e8b465ee728b)
Start importing Assets/Characters/Ch02_1001_Diffuse.png using Guid(e64b1049d08c5204e93ee69a85ae0158) Importer(815301076,1909f56bfc062723c751e8b465ee728b)  -> (artifact id: '900d635df73d19281e6863488e9ace59') in 0.019913 seconds 
  Import took 0.023463 seconds .

========================================================================
Received Import Request.
  Time since last request: 0.000313 seconds.
  path: Assets/Characters/PlayerMesh.fbx
  artifactKey: Guid(5294647bb985583409cad39a99486733) Importer(815301076,1909f56bfc062723c751e8b465ee728b)
Start importing Assets/Characters/PlayerMesh.fbx using Guid(5294647bb985583409cad39a99486733) Importer(815301076,1909f56bfc062723c751e8b465ee728b)  -> (artifact id: '5d73acd08919f6dadf3861a4b0f15a50') in 0.082046 seconds 
  Import took 0.086064 seconds .

========================================================================
Received Import Request.
  Time since last request: 0.000339 seconds.
  path: Assets/Characters/Ch02_1001_Specular.png
  artifactKey: Guid(2626490f4fcefe9408cdb8e05d0306cf) Importer(815301076,1909f56bfc062723c751e8b465ee728b)
Start importing Assets/Characters/Ch02_1001_Specular.png using Guid(2626490f4fcefe9408cdb8e05d0306cf) Importer(815301076,1909f56bfc062723c751e8b465ee728b)  -> (artifact id: 'd5937a6c4519e71a5a3421e49cfd21f4') in 0.009149 seconds 
  Import took 0.011816 seconds .

========================================================================
Received Import Request.
  Time since last request: 0.000344 seconds.
  path: Assets/Characters/Ch02_1001_Glossiness.png
  artifactKey: Guid(a71a0888bb69be141bfe11d9cf66e5a9) Importer(815301076,1909f56bfc062723c751e8b465ee728b)
Start importing Assets/Characters/Ch02_1001_Glossiness.png using Guid(a71a0888bb69be141bfe11d9cf66e5a9) Importer(815301076,1909f56bfc062723c751e8b465ee728b)  -> (artifact id: 'db1925cd755523d91756866bc41c663f') in 0.009173 seconds 
  Import took 0.012721 seconds .

========================================================================
Received Import Request.
  Time since last request: 0.000355 seconds.
  path: Assets/Characters/Ch02_1001_Normal.png
  artifactKey: Guid(c3aefcfbfe3f1f440bc8bdbd4e14497d) Importer(815301076,1909f56bfc062723c751e8b465ee728b)
Start importing Assets/Characters/Ch02_1001_Normal.png using Guid(c3aefcfbfe3f1f440bc8bdbd4e14497d) Importer(815301076,1909f56bfc062723c751e8b465ee728b)  -> (artifact id: '54fac4daee1f7bafe92a53baba014d65') in 0.009485 seconds 
  Import took 0.012487 seconds .

========================================================================
Received Import Request.
  Time since last request: 0.000545 seconds.
  path: Assets/Characters/Ch02_nonPBR 1.fbx
  artifactKey: Guid(52399a43b72967046aa9d08b494cf563) Importer(815301076,1909f56bfc062723c751e8b465ee728b)
Start importing Assets/Characters/Ch02_nonPBR 1.fbx using Guid(52399a43b72967046aa9d08b494cf563) Importer(815301076,1909f56bfc062723c751e8b465ee728b)  -> (artifact id: '90b17d2179057ec4c6680d49430dc5c2') in 0.078477 seconds 
  Import took 0.082383 seconds .

========================================================================
Received Import Request.
  Time since last request: 0.000326 seconds.
  path: Assets/Characters/Ch02_1002_Diffuse.png
  artifactKey: Guid(beb7b2c69e4a13a48aba11945a0f9f7d) Importer(815301076,1909f56bfc062723c751e8b465ee728b)
Start importing Assets/Characters/Ch02_1002_Diffuse.png using Guid(beb7b2c69e4a13a48aba11945a0f9f7d) Importer(815301076,1909f56bfc062723c751e8b465ee728b)  -> (artifact id: '1bea9116d280418a8e7ac724900ad806') in 0.011243 seconds 
  Import took 0.014199 seconds .

========================================================================
Received Import Request.
  Time since last request: 0.000387 seconds.
  path: Assets/Characters/Ch02_1002_Normal.png
  artifactKey: Guid(07a53262696073f49b3ba21551594195) Importer(815301076,1909f56bfc062723c751e8b465ee728b)
Start importing Assets/Characters/Ch02_1002_Normal.png using Guid(07a53262696073f49b3ba21551594195) Importer(815301076,1909f56bfc062723c751e8b465ee728b)  -> (artifact id: 'b31d190086260ebffd52f0d35d9f36e0') in 0.009011 seconds 
  Import took 0.012483 seconds .

========================================================================
Received Import Request.
  Time since last request: 8.532992 seconds.
  path: Assets/Characters/Ch02_1001_Normal.png
  artifactKey: Guid(c3aefcfbfe3f1f440bc8bdbd4e14497d) Importer(815301076,1909f56bfc062723c751e8b465ee728b)
Start importing Assets/Characters/Ch02_1001_Normal.png using Guid(c3aefcfbfe3f1f440bc8bdbd4e14497d) Importer(815301076,1909f56bfc062723c751e8b465ee728b)  -> (artifact id: '7bd4aaf20ff57388ebf3879992d0e3d9') in 0.014735 seconds 
  Import took 0.018016 seconds .

========================================================================
Received Import Request.
  Time since last request: 0.000351 seconds.
  path: Assets/Characters/Ch02_1002_Normal.png
  artifactKey: Guid(07a53262696073f49b3ba21551594195) Importer(815301076,1909f56bfc062723c751e8b465ee728b)
Start importing Assets/Characters/Ch02_1002_Normal.png using Guid(07a53262696073f49b3ba21551594195) Importer(815301076,1909f56bfc062723c751e8b465ee728b)  -> (artifact id: '41a31a53967f5418cf62a5100827e76e') in 0.010511 seconds 
  Import took 0.013742 seconds .

========================================================================
Received Import Request.
  Time since last request: 4.803184 seconds.
  path: Assets/Characters/Ch02_body.mat
  artifactKey: Guid(52cf63bd85804444e917c2457577d155) Importer(815301076,1909f56bfc062723c751e8b465ee728b)
Start importing Assets/Characters/Ch02_body.mat using Guid(52cf63bd85804444e917c2457577d155) Importer(815301076,1909f56bfc062723c751e8b465ee728b)  -> (artifact id: '2d4de4b9f26225218bcc90598be729f6') in 0.019643 seconds 
  Import took 0.022833 seconds .

========================================================================
Received Import Request.
  Time since last request: 0.000325 seconds.
  path: Assets/Characters/PlayerMesh.fbx
  artifactKey: Guid(5294647bb985583409cad39a99486733) Importer(815301076,1909f56bfc062723c751e8b465ee728b)
Start importing Assets/Characters/PlayerMesh.fbx using Guid(5294647bb985583409cad39a99486733) Importer(815301076,1909f56bfc062723c751e8b465ee728b)  -> (artifact id: 'b2adb4c9c31e130c6875651d0f44709f') in 0.068633 seconds 
  Import took 0.072570 seconds .

========================================================================
Received Import Request.
  Time since last request: 0.000369 seconds.
  path: Assets/Characters/Ch02_hair.mat
  artifactKey: Guid(19d5e69c5e6777e40bb989c89a145bb4) Importer(815301076,1909f56bfc062723c751e8b465ee728b)
Start importing Assets/Characters/Ch02_hair.mat using Guid(19d5e69c5e6777e40bb989c89a145bb4) Importer(815301076,1909f56bfc062723c751e8b465ee728b)  -> (artifact id: 'ad7ed2b3272d5284af5416bd5e50794e') in 0.015681 seconds 
  Import took 0.018711 seconds .

========================================================================
Received Import Request.
  Time since last request: 49.056446 seconds.
  path: Assets/Animations/Ch02_nonPBR@Idle.fbx
  artifactKey: Guid(397d5a353e76fce44a99517ab86c090b) Importer(815301076,1909f56bfc062723c751e8b465ee728b)
Start importing Assets/Animations/Ch02_nonPBR@Idle.fbx using Guid(397d5a353e76fce44a99517ab86c090b) Importer(815301076,1909f56bfc062723c751e8b465ee728b)  -> (artifact id: 'fc718ab5ca01c3cb14f0d90bb39a89c4') in 0.074615 seconds 
  Import took 0.078841 seconds .

========================================================================
Received Import Request.
  Time since last request: 53.155752 seconds.
  path: Assets/Animations/Lady_AnimatorController.controller
  artifactKey: Guid(5eee9479cf10c244cbc98d4917c08518) Importer(815301076,1909f56bfc062723c751e8b465ee728b)
Start importing Assets/Animations/Lady_AnimatorController.controller using Guid(5eee9479cf10c244cbc98d4917c08518) Importer(815301076,1909f56bfc062723c751e8b465ee728b)  -> (artifact id: '070a7b0874764255735094b2df543060') in 0.007257 seconds 
  Import took 0.010498 seconds .

========================================================================
Received Import Request.
  Time since last request: 242.055094 seconds.
  path: Assets/Animations/Ch02_nonPBR@Idle 1.fbx
  artifactKey: Guid(9136cc4b111ebab4ca332cb6d3da0f27) Importer(815301076,1909f56bfc062723c751e8b465ee728b)
Start importing Assets/Animations/Ch02_nonPBR@Idle 1.fbx using Guid(9136cc4b111ebab4ca332cb6d3da0f27) Importer(815301076,1909f56bfc062723c751e8b465ee728b)  -> (artifact id: '5963daae622a208c9aeabc072480c5a1') in 0.073265 seconds 
  Import took 0.078350 seconds .

========================================================================
Received Import Request.
  Time since last request: 14.372095 seconds.
  path: Assets/Animations/Idle 1.anim
  artifactKey: Guid(9b4d3476e810ee8408486e4bf11fab64) Importer(815301076,1909f56bfc062723c751e8b465ee728b)
Start importing Assets/Animations/Idle 1.anim using Guid(9b4d3476e810ee8408486e4bf11fab64) Importer(815301076,1909f56bfc062723c751e8b465ee728b)  -> (artifact id: '7c1fe8eab03e330b53e56a8818f6de81') in 0.012007 seconds 
  Import took 0.015147 seconds .

========================================================================
Received Import Request.
  Time since last request: 41.316429 seconds.
  path: Assets/Animations/Ch02_nonPBR@Running.fbx
  artifactKey: Guid(4522bbb831fa76144b4066d83d508c2b) Importer(815301076,1909f56bfc062723c751e8b465ee728b)
Start importing Assets/Animations/Ch02_nonPBR@Running.fbx using Guid(4522bbb831fa76144b4066d83d508c2b) Importer(815301076,1909f56bfc062723c751e8b465ee728b)  -> (artifact id: 'cf96a996c0a18a2931bc708456526833') in 0.007644 seconds 
  Import took 0.010971 seconds .

========================================================================
Received Prepare
Registering precompiled user dll's ...
Registered in 0.003240 seconds.
Begin MonoManager ReloadAssembly
Native extension for WindowsStandalone target not found
Refreshing native plugins compatible for Editor in 0.41 ms, found 2 plugins.
Preloading 0 native plugins for Editor in 0.00 ms.
Mono: successfully reloaded assembly
- Completed reload, in  0.905 seconds
Domain Reload Profiling:
	ReloadAssembly (905ms)
		BeginReloadAssembly (117ms)
			ExecutionOrderSort (0ms)
			DisableScriptedObjects (3ms)
			BackupInstance (0ms)
			ReleaseScriptingObjects (0ms)
			CreateAndSetChildDomain (31ms)
		EndReloadAssembly (731ms)
			LoadAssemblies (76ms)
			RebuildTransferFunctionScriptingTraits (0ms)
			SetupTypeCache (237ms)
			ReleaseScriptCaches (1ms)
			RebuildScriptCaches (37ms)
			SetupLoadedEditorAssemblies (294ms)
				LogAssemblyErrors (0ms)
				InitializePlatformSupportModulesInManaged (4ms)
				SetLoadedEditorAssemblies (0ms)
				RefreshPlugins (0ms)
				BeforeProcessingInitializeOnLoad (69ms)
				ProcessInitializeOnLoadAttributes (212ms)
				ProcessInitializeOnLoadMethodAttributes (3ms)
				AfterProcessingInitializeOnLoad (5ms)
				EditorAssembliesLoaded (0ms)
			ExecutionOrderSort2 (0ms)
			AwakeInstancesAfterBackupRestoration (5ms)
Platform modules already initialized, skipping
Refreshing native plugins compatible for Editor in 0.41 ms, found 2 plugins.
Preloading 0 native plugins for Editor in 0.00 ms.
Unloading 1765 Unused Serialized files (Serialized files now loaded: 0)
System memory in use before: 98.1 MB.
System memory in use after: 98.2 MB.

Unloading 70 unused Assets to reduce memory usage. Loaded Objects now: 2275.
Total: 2.582900 ms (FindLiveObjects: 0.227900 ms CreateObjectMapping: 0.042700 ms MarkObjects: 2.204400 ms  DeleteObjects: 0.105900 ms)

AssetImportParameters requested are different than current active one (requested -> active):
  custom:framework-win-MediaFoundation: 216162199b28c13a410421893ffa2e32 -> 
  custom:video-decoder-ogg-theora: a1e56fd34408186e4bbccfd4996cb3dc -> 
  custom:container-muxer-webm: aa71ff27fc2769a1b78a27578f13a17b -> 
  custom:container-demuxer-webm: 4f35f7cbe854078d1ac9338744f61a02 -> 
  custom:container-demuxer-ogg: 62fdf1f143b41e24485cea50d1cbac27 -> 
  custom:video-encoder-webm-vp8: eb34c28f22e8b96e1ab97ce403110664 -> 
  custom:video-decoder-webm-vp8: 9c59270c3fd7afecdb556c50c9e8de78 -> 
  custom:audio-decoder-ogg-vorbis: bf7c407c2cedff20999df2af8eb42d56 -> 
  custom:audio-encoder-webm-vorbis: bf7c407c2cedff20999df2af8eb42d56 -> 
========================================================================
Received Import Request.
  Time since last request: 190.237802 seconds.
  path: Assets/Animations/Medium Run.anim
  artifactKey: Guid(70a19aeb9ce13be4897150ea1069a501) Importer(815301076,1909f56bfc062723c751e8b465ee728b)
Start importing Assets/Animations/Medium Run.anim using Guid(70a19aeb9ce13be4897150ea1069a501) Importer(815301076,1909f56bfc062723c751e8b465ee728b)  -> (artifact id: 'ccd4e7748371766f46999d4e108d6196') in 0.012122 seconds 
  Import took 0.015696 seconds .

========================================================================
Received Import Request.
  Time since last request: 0.813756 seconds.
  path: Assets/Animations/Jog.anim
  artifactKey: Guid(1060fe12c520b7249b0894162d848315) Importer(815301076,1909f56bfc062723c751e8b465ee728b)
Start importing Assets/Animations/Jog.anim using Guid(1060fe12c520b7249b0894162d848315) Importer(815301076,1909f56bfc062723c751e8b465ee728b)  -> (artifact id: '9e9f382e1376d0d560f41e8ff9c4aad5') in 0.009059 seconds 
  Import took 0.012592 seconds .

========================================================================
Received Import Request.
  Time since last request: 0.798304 seconds.
  path: Assets/Animations/Walking.anim
  artifactKey: Guid(9289187bf71dee146bb92972c63ad6f7) Importer(815301076,1909f56bfc062723c751e8b465ee728b)
Start importing Assets/Animations/Walking.anim using Guid(9289187bf71dee146bb92972c63ad6f7) Importer(815301076,1909f56bfc062723c751e8b465ee728b)  -> (artifact id: '5496e9cd5478aa6185f0bedceb164b12') in 0.006818 seconds 
  Import took 0.009651 seconds .

========================================================================
Received Prepare
Registering precompiled user dll's ...
Registered in 0.003485 seconds.
Begin MonoManager ReloadAssembly
Native extension for WindowsStandalone target not found
Refreshing native plugins compatible for Editor in 0.35 ms, found 2 plugins.
Preloading 0 native plugins for Editor in 0.00 ms.
Mono: successfully reloaded assembly
- Completed reload, in  0.884 seconds
Domain Reload Profiling:
	ReloadAssembly (885ms)
		BeginReloadAssembly (102ms)
			ExecutionOrderSort (0ms)
			DisableScriptedObjects (3ms)
			BackupInstance (0ms)
			ReleaseScriptingObjects (0ms)
			CreateAndSetChildDomain (29ms)
		EndReloadAssembly (727ms)
			LoadAssemblies (70ms)
			RebuildTransferFunctionScriptingTraits (0ms)
			SetupTypeCache (236ms)
			ReleaseScriptCaches (1ms)
			RebuildScriptCaches (36ms)
			SetupLoadedEditorAssemblies (293ms)
				LogAssemblyErrors (0ms)
				InitializePlatformSupportModulesInManaged (4ms)
				SetLoadedEditorAssemblies (0ms)
				RefreshPlugins (0ms)
				BeforeProcessingInitializeOnLoad (66ms)
				ProcessInitializeOnLoadAttributes (213ms)
				ProcessInitializeOnLoadMethodAttributes (3ms)
				AfterProcessingInitializeOnLoad (5ms)
				EditorAssembliesLoaded (0ms)
			ExecutionOrderSort2 (0ms)
			AwakeInstancesAfterBackupRestoration (5ms)
Platform modules already initialized, skipping
Refreshing native plugins compatible for Editor in 0.62 ms, found 2 plugins.
Preloading 0 native plugins for Editor in 0.00 ms.
Unloading 1765 Unused Serialized files (Serialized files now loaded: 0)
System memory in use before: 98.2 MB.
System memory in use after: 98.3 MB.

Unloading 70 unused Assets to reduce memory usage. Loaded Objects now: 2277.
Total: 2.439000 ms (FindLiveObjects: 0.219300 ms CreateObjectMapping: 0.041900 ms MarkObjects: 2.071500 ms  DeleteObjects: 0.104600 ms)

AssetImportParameters requested are different than current active one (requested -> active):
  custom:framework-win-MediaFoundation: 216162199b28c13a410421893ffa2e32 -> 
  custom:video-decoder-ogg-theora: a1e56fd34408186e4bbccfd4996cb3dc -> 
  custom:container-muxer-webm: aa71ff27fc2769a1b78a27578f13a17b -> 
  custom:container-demuxer-webm: 4f35f7cbe854078d1ac9338744f61a02 -> 
  custom:container-demuxer-ogg: 62fdf1f143b41e24485cea50d1cbac27 -> 
  custom:video-encoder-webm-vp8: eb34c28f22e8b96e1ab97ce403110664 -> 
  custom:video-decoder-webm-vp8: 9c59270c3fd7afecdb556c50c9e8de78 -> 
  custom:audio-decoder-ogg-vorbis: bf7c407c2cedff20999df2af8eb42d56 -> 
  custom:audio-encoder-webm-vorbis: bf7c407c2cedff20999df2af8eb42d56 -> 
========================================================================
Received Prepare
Registering precompiled user dll's ...
Registered in 0.003161 seconds.
Begin MonoManager ReloadAssembly
Native extension for WindowsStandalone target not found
Refreshing native plugins compatible for Editor in 0.43 ms, found 2 plugins.
Preloading 0 native plugins for Editor in 0.00 ms.
Mono: successfully reloaded assembly
- Completed reload, in  0.838 seconds
Domain Reload Profiling:
	ReloadAssembly (838ms)
		BeginReloadAssembly (89ms)
			ExecutionOrderSort (0ms)
			DisableScriptedObjects (4ms)
			BackupInstance (0ms)
			ReleaseScriptingObjects (0ms)
			CreateAndSetChildDomain (26ms)
		EndReloadAssembly (695ms)
			LoadAssemblies (66ms)
			RebuildTransferFunctionScriptingTraits (0ms)
			SetupTypeCache (217ms)
			ReleaseScriptCaches (1ms)
			RebuildScriptCaches (36ms)
			SetupLoadedEditorAssemblies (294ms)
				LogAssemblyErrors (0ms)
				InitializePlatformSupportModulesInManaged (4ms)
				SetLoadedEditorAssemblies (0ms)
				RefreshPlugins (0ms)
				BeforeProcessingInitializeOnLoad (73ms)
				ProcessInitializeOnLoadAttributes (207ms)
				ProcessInitializeOnLoadMethodAttributes (3ms)
				AfterProcessingInitializeOnLoad (6ms)
				EditorAssembliesLoaded (0ms)
			ExecutionOrderSort2 (0ms)
			AwakeInstancesAfterBackupRestoration (5ms)
Platform modules already initialized, skipping
Refreshing native plugins compatible for Editor in 0.41 ms, found 2 plugins.
Preloading 0 native plugins for Editor in 0.00 ms.
Unloading 1765 Unused Serialized files (Serialized files now loaded: 0)
System memory in use before: 98.2 MB.
System memory in use after: 98.3 MB.

Unloading 70 unused Assets to reduce memory usage. Loaded Objects now: 2279.
Total: 2.502500 ms (FindLiveObjects: 0.220000 ms CreateObjectMapping: 0.042000 ms MarkObjects: 2.092500 ms  DeleteObjects: 0.146700 ms)

AssetImportParameters requested are different than current active one (requested -> active):
  custom:framework-win-MediaFoundation: 216162199b28c13a410421893ffa2e32 -> 
  custom:video-decoder-ogg-theora: a1e56fd34408186e4bbccfd4996cb3dc -> 
  custom:container-muxer-webm: aa71ff27fc2769a1b78a27578f13a17b -> 
  custom:container-demuxer-webm: 4f35f7cbe854078d1ac9338744f61a02 -> 
  custom:container-demuxer-ogg: 62fdf1f143b41e24485cea50d1cbac27 -> 
  custom:video-encoder-webm-vp8: eb34c28f22e8b96e1ab97ce403110664 -> 
  custom:video-decoder-webm-vp8: 9c59270c3fd7afecdb556c50c9e8de78 -> 
  custom:audio-decoder-ogg-vorbis: bf7c407c2cedff20999df2af8eb42d56 -> 
  custom:audio-encoder-webm-vorbis: bf7c407c2cedff20999df2af8eb42d56 -> 
========================================================================
Received Import Request.
  Time since last request: 152.181622 seconds.
  path: Assets/Animations/Walking.anim
  artifactKey: Guid(9289187bf71dee146bb92972c63ad6f7) Importer(815301076,1909f56bfc062723c751e8b465ee728b)
Start importing Assets/Animations/Walking.anim using Guid(9289187bf71dee146bb92972c63ad6f7) Importer(815301076,1909f56bfc062723c751e8b465ee728b)  -> (artifact id: '1d8e0e8effc2f7f279f22bc2b109cde8') in 0.012919 seconds 
  Import took 0.015699 seconds .

========================================================================
Received Prepare
Refreshing native plugins compatible for Editor in 2.79 ms, found 2 plugins.
Preloading 0 native plugins for Editor in 0.00 ms.
Unloading 12 Unused Serialized files (Serialized files now loaded: 0)
System memory in use before: 62.7 MB.
System memory in use after: 62.8 MB.

Unloading 11 unused Assets to reduce memory usage. Loaded Objects now: 2279.
Total: 2.218900 ms (FindLiveObjects: 0.212600 ms CreateObjectMapping: 0.041700 ms MarkObjects: 1.952400 ms  DeleteObjects: 0.011400 ms)

AssetImportParameters requested are different than current active one (requested -> active):
  custom:framework-win-MediaFoundation: 216162199b28c13a410421893ffa2e32 -> 
  custom:video-decoder-ogg-theora: a1e56fd34408186e4bbccfd4996cb3dc -> 
  custom:container-muxer-webm: aa71ff27fc2769a1b78a27578f13a17b -> 
  custom:container-demuxer-webm: 4f35f7cbe854078d1ac9338744f61a02 -> 
  custom:container-demuxer-ogg: 62fdf1f143b41e24485cea50d1cbac27 -> 
  custom:video-encoder-webm-vp8: eb34c28f22e8b96e1ab97ce403110664 -> 
  custom:video-decoder-webm-vp8: 9c59270c3fd7afecdb556c50c9e8de78 -> 
  custom:audio-decoder-ogg-vorbis: bf7c407c2cedff20999df2af8eb42d56 -> 
  custom:audio-encoder-webm-vorbis: bf7c407c2cedff20999df2af8eb42d56 -> 
========================================================================
Received Prepare
Registering precompiled user dll's ...
Registered in 0.003211 seconds.
Begin MonoManager ReloadAssembly
Native extension for WindowsStandalone target not found
Refreshing native plugins compatible for Editor in 0.46 ms, found 2 plugins.
Preloading 0 native plugins for Editor in 0.00 ms.
Mono: successfully reloaded assembly
- Completed reload, in  0.859 seconds
Domain Reload Profiling:
	ReloadAssembly (859ms)
		BeginReloadAssembly (104ms)
			ExecutionOrderSort (0ms)
			DisableScriptedObjects (3ms)
			BackupInstance (0ms)
			ReleaseScriptingObjects (0ms)
			CreateAndSetChildDomain (28ms)
		EndReloadAssembly (703ms)
			LoadAssemblies (67ms)
			RebuildTransferFunctionScriptingTraits (0ms)
			SetupTypeCache (227ms)
			ReleaseScriptCaches (1ms)
			RebuildScriptCaches (35ms)
			SetupLoadedEditorAssemblies (292ms)
				LogAssemblyErrors (0ms)
				InitializePlatformSupportModulesInManaged (4ms)
				SetLoadedEditorAssemblies (0ms)
				RefreshPlugins (1ms)
				BeforeProcessingInitializeOnLoad (67ms)
				ProcessInitializeOnLoadAttributes (212ms)
				ProcessInitializeOnLoadMethodAttributes (3ms)
				AfterProcessingInitializeOnLoad (5ms)
				EditorAssembliesLoaded (0ms)
			ExecutionOrderSort2 (0ms)
			AwakeInstancesAfterBackupRestoration (5ms)
Platform modules already initialized, skipping
Refreshing native plugins compatible for Editor in 0.45 ms, found 2 plugins.
Preloading 0 native plugins for Editor in 0.00 ms.
Unloading 1766 Unused Serialized files (Serialized files now loaded: 0)
System memory in use before: 98.3 MB.
System memory in use after: 98.4 MB.

Unloading 70 unused Assets to reduce memory usage. Loaded Objects now: 2282.
Total: 2.536900 ms (FindLiveObjects: 0.222200 ms CreateObjectMapping: 0.042000 ms MarkObjects: 2.183900 ms  DeleteObjects: 0.088000 ms)

AssetImportParameters requested are different than current active one (requested -> active):
  custom:framework-win-MediaFoundation: 216162199b28c13a410421893ffa2e32 -> 
  custom:video-decoder-ogg-theora: a1e56fd34408186e4bbccfd4996cb3dc -> 
  custom:container-muxer-webm: aa71ff27fc2769a1b78a27578f13a17b -> 
  custom:container-demuxer-webm: 4f35f7cbe854078d1ac9338744f61a02 -> 
  custom:container-demuxer-ogg: 62fdf1f143b41e24485cea50d1cbac27 -> 
  custom:video-encoder-webm-vp8: eb34c28f22e8b96e1ab97ce403110664 -> 
  custom:video-decoder-webm-vp8: 9c59270c3fd7afecdb556c50c9e8de78 -> 
  custom:audio-decoder-ogg-vorbis: bf7c407c2cedff20999df2af8eb42d56 -> 
  custom:audio-encoder-webm-vorbis: bf7c407c2cedff20999df2af8eb42d56 -> 
========================================================================
Received Import Request.
  Time since last request: 189.854644 seconds.
  path: Assets/Scripts
  artifactKey: Guid(781fb70e167524d46840373cded7e94a) Importer(815301076,1909f56bfc062723c751e8b465ee728b)
Start importing Assets/Scripts using Guid(781fb70e167524d46840373cded7e94a) Importer(815301076,1909f56bfc062723c751e8b465ee728b)  -> (artifact id: 'd2e68eecee51de429b170556035b75de') in 0.005915 seconds 
  Import took 0.009229 seconds .

========================================================================
Received Prepare
Registering precompiled user dll's ...
Registered in 0.003119 seconds.
Begin MonoManager ReloadAssembly
Native extension for WindowsStandalone target not found
Refreshing native plugins compatible for Editor in 0.41 ms, found 2 plugins.
Preloading 0 native plugins for Editor in 0.00 ms.
Mono: successfully reloaded assembly
- Completed reload, in  0.859 seconds
Domain Reload Profiling:
	ReloadAssembly (859ms)
		BeginReloadAssembly (94ms)
			ExecutionOrderSort (0ms)
			DisableScriptedObjects (3ms)
			BackupInstance (0ms)
			ReleaseScriptingObjects (0ms)
			CreateAndSetChildDomain (26ms)
		EndReloadAssembly (712ms)
			LoadAssemblies (68ms)
			RebuildTransferFunctionScriptingTraits (0ms)
			SetupTypeCache (231ms)
			ReleaseScriptCaches (1ms)
			RebuildScriptCaches (36ms)
			SetupLoadedEditorAssemblies (290ms)
				LogAssemblyErrors (0ms)
				InitializePlatformSupportModulesInManaged (4ms)
				SetLoadedEditorAssemblies (0ms)
				RefreshPlugins (0ms)
				BeforeProcessingInitializeOnLoad (67ms)
				ProcessInitializeOnLoadAttributes (211ms)
				ProcessInitializeOnLoadMethodAttributes (3ms)
				AfterProcessingInitializeOnLoad (5ms)
				EditorAssembliesLoaded (0ms)
			ExecutionOrderSort2 (0ms)
			AwakeInstancesAfterBackupRestoration (5ms)
Platform modules already initialized, skipping
Refreshing native plugins compatible for Editor in 0.42 ms, found 2 plugins.
Preloading 0 native plugins for Editor in 0.00 ms.
Unloading 1766 Unused Serialized files (Serialized files now loaded: 0)
System memory in use before: 98.3 MB.
System memory in use after: 98.4 MB.

Unloading 70 unused Assets to reduce memory usage. Loaded Objects now: 2284.
Total: 2.492400 ms (FindLiveObjects: 0.194100 ms CreateObjectMapping: 0.042100 ms MarkObjects: 2.160900 ms  DeleteObjects: 0.094100 ms)

AssetImportParameters requested are different than current active one (requested -> active):
  custom:framework-win-MediaFoundation: 216162199b28c13a410421893ffa2e32 -> 
  custom:video-decoder-ogg-theora: a1e56fd34408186e4bbccfd4996cb3dc -> 
  custom:container-muxer-webm: aa71ff27fc2769a1b78a27578f13a17b -> 
  custom:container-demuxer-webm: 4f35f7cbe854078d1ac9338744f61a02 -> 
  custom:container-demuxer-ogg: 62fdf1f143b41e24485cea50d1cbac27 -> 
  custom:video-encoder-webm-vp8: eb34c28f22e8b96e1ab97ce403110664 -> 
  custom:video-decoder-webm-vp8: 9c59270c3fd7afecdb556c50c9e8de78 -> 
  custom:audio-decoder-ogg-vorbis: bf7c407c2cedff20999df2af8eb42d56 -> 
  custom:audio-encoder-webm-vorbis: bf7c407c2cedff20999df2af8eb42d56 -> 
AssetImportWorkerClient::OnTransportError - code=2 error=End of file
